<?xml version="1.0" encoding="UTF-8"?>
<!-- Generated by org.testng.reporters.JUnitXMLReporter -->
<testsuite hostname="A04758" ignored="0" name="Surefire test" tests="5" failures="0" timestamp="2019-10-28T15:02:32 CET" time="0.533" errors="0">
  <testcase name="shouldComputeAndOutputBasketPrice on shouldComputeAndOutputBasketPrice(fr.afo.supermarket.BasketProcessorTest)" time="0.442" classname="fr.afo.supermarket.BasketProcessorTest"/>
  <testcase name="test on test(fr.afo.supermarket.monTest)" time="0.04" classname="fr.afo.supermarket.monTest"/>
  <testcase name="shouldReturnThreeForTwoProcessor on shouldReturnThreeForTwoProcessor(fr.afo.supermarket.OfferPocessorTest)" time="0.002" classname="fr.afo.supermarket.OfferPocessorTest"/>
  <testcase name="shouldThrowExecption on shouldThrowExecption(fr.afo.supermarket.OfferPocessorTest)" time="0.0" classname="fr.afo.supermarket.OfferPocessorTest">
    <skipped/>
  </testcase> <!-- shouldThrowExecption on shouldThrowExecption(fr.afo.supermarket.OfferPocessorTest) -->
  <testcase name="shouldReturnByOneGetOneProcessor on shouldReturnByOneGetOneProcessor(fr.afo.supermarket.OfferPocessorTest)" time="0.003" classname="fr.afo.supermarket.OfferPocessorTest"/>
</testsuite> <!-- Surefire test -->
