<?xml version="1.0" encoding="UTF-8"?>
<testsuite xmlns:xsi="http://www.w3.org/2001/XMLSchema-instance" xsi:noNamespaceSchemaLocation="https://maven.apache.org/surefire/maven-surefire-plugin/xsd/surefire-test-report.xsd" name="TestSuite" time="1.235" tests="5" errors="0" skipped="1" failures="0">
  <properties>
[...]
</properties>
  <testcase name="shouldComputeAndOutputBasketPrice on shouldComputeAndOutputBasketPrice(fr.afo.supermarket.BasketProcessorTest)" classname="fr.afo.supermarket.BasketProcessorTest" time="0.391"/>
  <testcase name="test on test(fr.afo.supermarket.monTest)" classname="fr.afo.supermarket.monTest" time="0.041"/>
  <testcase name="shouldReturnThreeForTwoProcessor on shouldReturnThreeForTwoProcessor(fr.afo.supermarket.OfferPocessorTest)" classname="fr.afo.supermarket.OfferPocessorTest" time="0.001"/>
  <testcase name="shouldThrowExecption on shouldThrowExecption(fr.afo.supermarket.OfferPocessorTest)" classname="fr.afo.supermarket.OfferPocessorTest" time="0">
    <skipped/>
  </testcase>
  <testcase name="shouldReturnByOneGetOneProcessor on shouldReturnByOneGetOneProcessor(fr.afo.supermarket.OfferPocessorTest)" classname="fr.afo.supermarket.OfferPocessorTest" time="0.001"/>
</testsuite>